{"/Users/mac/Desktop/software projects/react/ShareYourExperienceV1/backend/config.js": {"path":"/Users/mac/Desktop/software projects/react/ShareYourExperienceV1/backend/config.js","statementMap":{"0":{"start":{"line":1,"column":20},"end":{"line":1,"column":24}},"1":{"start":{"line":5,"column":26},"end":{"line":5,"column":150}},"2":{"start":{"line":7,"column":20},"end":{"line":7,"column":59}}},"fnMap":{},"branchMap":{},"s":{"0":1,"1":1,"2":1},"f":{},"b":{},"_coverageSchema":"1a1c01bbd47fc00a2c39e90264f33305004495a9","hash":"2f8c94db28d6e2fb4068fbb2e20eccc8bd9a851f"}
,"/Users/mac/Desktop/software projects/react/ShareYourExperienceV1/backend/index.js": {"path":"/Users/mac/Desktop/software projects/react/ShareYourExperienceV1/backend/index.js","statementMap":{"0":{"start":{"line":13,"column":19},"end":{"line":13,"column":28}},"1":{"start":{"line":15,"column":15},"end":{"line":15,"column":32}},"2":{"start":{"line":16,"column":11},"end":{"line":22,"column":4}},"3":{"start":{"line":24,"column":0},"end":{"line":24,"column":38}},"4":{"start":{"line":26,"column":0},"end":{"line":31,"column":4}},"5":{"start":{"line":33,"column":0},"end":{"line":33,"column":33}},"6":{"start":{"line":35,"column":0},"end":{"line":35,"column":34}},"7":{"start":{"line":37,"column":0},"end":{"line":37,"column":33}},"8":{"start":{"line":39,"column":0},"end":{"line":39,"column":40}},"9":{"start":{"line":41,"column":0},"end":{"line":43,"column":3}},"10":{"start":{"line":42,"column":4},"end":{"line":42,"column":94}}},"fnMap":{"0":{"name":"(anonymous_0)","decl":{"start":{"line":41,"column":13},"end":{"line":41,"column":14}},"loc":{"start":{"line":41,"column":36},"end":{"line":43,"column":1}},"line":41}},"branchMap":{},"s":{"0":1,"1":1,"2":1,"3":1,"4":1,"5":1,"6":1,"7":1,"8":1,"9":1,"10":1},"f":{"0":1},"b":{},"_coverageSchema":"1a1c01bbd47fc00a2c39e90264f33305004495a9","hash":"971ed7a99de6e8f9352b745b7a842f3a07853d75"}
,"/Users/mac/Desktop/software projects/react/ShareYourExperienceV1/backend/controllers/authentication.js": {"path":"/Users/mac/Desktop/software projects/react/ShareYourExperienceV1/backend/controllers/authentication.js","statementMap":{"0":{"start":{"line":4,"column":20},"end":{"line":7,"column":1}},"1":{"start":{"line":5,"column":18},"end":{"line":5,"column":72}},"2":{"start":{"line":6,"column":4},"end":{"line":6,"column":16}},"3":{"start":{"line":9,"column":22},"end":{"line":20,"column":1}},"4":{"start":{"line":10,"column":4},"end":{"line":10,"column":27}},"5":{"start":{"line":11,"column":4},"end":{"line":19,"column":5}},"6":{"start":{"line":13,"column":49},"end":{"line":13,"column":61}},"7":{"start":{"line":14,"column":21},"end":{"line":14,"column":68}},"8":{"start":{"line":15,"column":8},"end":{"line":15,"column":49}},"9":{"start":{"line":17,"column":8},"end":{"line":17,"column":34}},"10":{"start":{"line":18,"column":8},"end":{"line":18,"column":79}},"11":{"start":{"line":22,"column":21},"end":{"line":38,"column":1}},"12":{"start":{"line":24,"column":4},"end":{"line":36,"column":5}},"13":{"start":{"line":26,"column":8},"end":{"line":26,"column":29}},"14":{"start":{"line":27,"column":36},"end":{"line":27,"column":48}},"15":{"start":{"line":29,"column":21},"end":{"line":29,"column":54}},"16":{"start":{"line":31,"column":22},"end":{"line":31,"column":43}},"17":{"start":{"line":33,"column":8},"end":{"line":33,"column":56}},"18":{"start":{"line":35,"column":8},"end":{"line":35,"column":85}}},"fnMap":{"0":{"name":"(anonymous_0)","decl":{"start":{"line":4,"column":20},"end":{"line":4,"column":21}},"loc":{"start":{"line":4,"column":29},"end":{"line":7,"column":1}},"line":4},"1":{"name":"(anonymous_1)","decl":{"start":{"line":9,"column":22},"end":{"line":9,"column":23}},"loc":{"start":{"line":9,"column":51},"end":{"line":20,"column":1}},"line":9},"2":{"name":"(anonymous_2)","decl":{"start":{"line":22,"column":21},"end":{"line":22,"column":22}},"loc":{"start":{"line":22,"column":50},"end":{"line":38,"column":1}},"line":22}},"branchMap":{},"s":{"0":1,"1":0,"2":0,"3":1,"4":0,"5":0,"6":0,"7":0,"8":0,"9":0,"10":0,"11":1,"12":0,"13":0,"14":0,"15":0,"16":0,"17":0,"18":0},"f":{"0":0,"1":0,"2":0},"b":{},"_coverageSchema":"1a1c01bbd47fc00a2c39e90264f33305004495a9","hash":"ea43be19f1fc9ba1c983c86dcb0deba2aeb3a5fb"}
,"/Users/mac/Desktop/software projects/react/ShareYourExperienceV1/backend/controllers/comment.js": {"path":"/Users/mac/Desktop/software projects/react/ShareYourExperienceV1/backend/controllers/comment.js","statementMap":{"0":{"start":{"line":5,"column":27},"end":{"line":12,"column":1}},"1":{"start":{"line":6,"column":4},"end":{"line":11,"column":5}},"2":{"start":{"line":7,"column":25},"end":{"line":7,"column":45}},"3":{"start":{"line":8,"column":8},"end":{"line":8,"column":52}},"4":{"start":{"line":10,"column":8},"end":{"line":10,"column":65}},"5":{"start":{"line":14,"column":26},"end":{"line":24,"column":1}},"6":{"start":{"line":15,"column":4},"end":{"line":23,"column":5}},"7":{"start":{"line":16,"column":24},"end":{"line":16,"column":63}},"8":{"start":{"line":18,"column":19},"end":{"line":18,"column":63}},"9":{"start":{"line":19,"column":28},"end":{"line":19,"column":131}},"10":{"start":{"line":20,"column":8},"end":{"line":20,"column":52}},"11":{"start":{"line":22,"column":8},"end":{"line":22,"column":53}},"12":{"start":{"line":26,"column":33},"end":{"line":35,"column":1}},"13":{"start":{"line":27,"column":4},"end":{"line":34,"column":5}},"14":{"start":{"line":28,"column":23},"end":{"line":28,"column":40}},"15":{"start":{"line":29,"column":25},"end":{"line":29,"column":59}},"16":{"start":{"line":30,"column":8},"end":{"line":30,"column":62}},"17":{"start":{"line":32,"column":8},"end":{"line":32,"column":34}},"18":{"start":{"line":33,"column":8},"end":{"line":33,"column":66}},"19":{"start":{"line":37,"column":29},"end":{"line":45,"column":1}},"20":{"start":{"line":38,"column":4},"end":{"line":44,"column":5}},"21":{"start":{"line":39,"column":26},"end":{"line":39,"column":43}},"22":{"start":{"line":40,"column":24},"end":{"line":40,"column":100}},"23":{"start":{"line":41,"column":8},"end":{"line":41,"column":52}},"24":{"start":{"line":43,"column":8},"end":{"line":43,"column":65}},"25":{"start":{"line":47,"column":29},"end":{"line":58,"column":1}},"26":{"start":{"line":48,"column":4},"end":{"line":57,"column":5}},"27":{"start":{"line":49,"column":26},"end":{"line":49,"column":43}},"28":{"start":{"line":50,"column":24},"end":{"line":50,"column":66}},"29":{"start":{"line":51,"column":19},"end":{"line":51,"column":58}},"30":{"start":{"line":52,"column":8},"end":{"line":52,"column":131}},"31":{"start":{"line":53,"column":8},"end":{"line":53,"column":52}},"32":{"start":{"line":55,"column":8},"end":{"line":55,"column":34}},"33":{"start":{"line":56,"column":8},"end":{"line":56,"column":65}}},"fnMap":{"0":{"name":"(anonymous_0)","decl":{"start":{"line":5,"column":27},"end":{"line":5,"column":28}},"loc":{"start":{"line":5,"column":61},"end":{"line":12,"column":1}},"line":5},"1":{"name":"(anonymous_1)","decl":{"start":{"line":14,"column":26},"end":{"line":14,"column":27}},"loc":{"start":{"line":14,"column":61},"end":{"line":24,"column":1}},"line":14},"2":{"name":"(anonymous_2)","decl":{"start":{"line":26,"column":33},"end":{"line":26,"column":34}},"loc":{"start":{"line":26,"column":67},"end":{"line":35,"column":1}},"line":26},"3":{"name":"(anonymous_3)","decl":{"start":{"line":37,"column":29},"end":{"line":37,"column":30}},"loc":{"start":{"line":37,"column":63},"end":{"line":45,"column":1}},"line":37},"4":{"name":"(anonymous_4)","decl":{"start":{"line":47,"column":29},"end":{"line":47,"column":30}},"loc":{"start":{"line":47,"column":63},"end":{"line":58,"column":1}},"line":47}},"branchMap":{"0":{"loc":{"start":{"line":52,"column":70},"end":{"line":52,"column":111}},"type":"cond-expr","locations":[{"start":{"line":52,"column":90},"end":{"line":52,"column":107}},{"start":{"line":52,"column":110},"end":{"line":52,"column":111}}],"line":52}},"s":{"0":1,"1":0,"2":0,"3":0,"4":0,"5":1,"6":1,"7":1,"8":0,"9":0,"10":0,"11":1,"12":1,"13":0,"14":0,"15":0,"16":0,"17":0,"18":0,"19":1,"20":0,"21":0,"22":0,"23":0,"24":0,"25":1,"26":0,"27":0,"28":0,"29":0,"30":0,"31":0,"32":0,"33":0},"f":{"0":0,"1":1,"2":0,"3":0,"4":0},"b":{"0":[0,0]},"_coverageSchema":"1a1c01bbd47fc00a2c39e90264f33305004495a9","hash":"e7474a17e35ab0e7821646c5e874f9fb7bfae819"}
,"/Users/mac/Desktop/software projects/react/ShareYourExperienceV1/backend/controllers/post.js": {"path":"/Users/mac/Desktop/software projects/react/ShareYourExperienceV1/backend/controllers/post.js","statementMap":{"0":{"start":{"line":4,"column":24},"end":{"line":11,"column":1}},"1":{"start":{"line":5,"column":4},"end":{"line":10,"column":5}},"2":{"start":{"line":6,"column":22},"end":{"line":6,"column":39}},"3":{"start":{"line":7,"column":8},"end":{"line":7,"column":50}},"4":{"start":{"line":9,"column":8},"end":{"line":9,"column":58}},"5":{"start":{"line":13,"column":23},"end":{"line":20,"column":1}},"6":{"start":{"line":14,"column":4},"end":{"line":19,"column":5}},"7":{"start":{"line":15,"column":21},"end":{"line":15,"column":59}},"8":{"start":{"line":16,"column":8},"end":{"line":16,"column":51}},"9":{"start":{"line":18,"column":8},"end":{"line":18,"column":66}},"10":{"start":{"line":22,"column":28},"end":{"line":38,"column":1}},"11":{"start":{"line":23,"column":4},"end":{"line":37,"column":5}},"12":{"start":{"line":24,"column":19},"end":{"line":24,"column":36}},"13":{"start":{"line":25,"column":21},"end":{"line":25,"column":44}},"14":{"start":{"line":26,"column":24},"end":{"line":26,"column":34}},"15":{"start":{"line":27,"column":23},"end":{"line":27,"column":25}},"16":{"start":{"line":28,"column":19},"end":{"line":28,"column":23}},"17":{"start":{"line":29,"column":8},"end":{"line":32,"column":9}},"18":{"start":{"line":29,"column":25},"end":{"line":29,"column":26}},"19":{"start":{"line":30,"column":12},"end":{"line":30,"column":55}},"20":{"start":{"line":31,"column":12},"end":{"line":31,"column":30}},"21":{"start":{"line":34,"column":8},"end":{"line":34,"column":65}},"22":{"start":{"line":36,"column":8},"end":{"line":36,"column":64}},"23":{"start":{"line":40,"column":26},"end":{"line":48,"column":1}},"24":{"start":{"line":41,"column":4},"end":{"line":47,"column":5}},"25":{"start":{"line":42,"column":23},"end":{"line":42,"column":40}},"26":{"start":{"line":43,"column":21},"end":{"line":43,"column":91}},"27":{"start":{"line":44,"column":8},"end":{"line":44,"column":49}},"28":{"start":{"line":46,"column":8},"end":{"line":46,"column":65}},"29":{"start":{"line":50,"column":26},"end":{"line":58,"column":1}},"30":{"start":{"line":51,"column":4},"end":{"line":57,"column":5}},"31":{"start":{"line":52,"column":23},"end":{"line":52,"column":40}},"32":{"start":{"line":53,"column":21},"end":{"line":53,"column":57}},"33":{"start":{"line":54,"column":8},"end":{"line":54,"column":49}},"34":{"start":{"line":56,"column":8},"end":{"line":56,"column":65}},"35":{"start":{"line":60,"column":23},"end":{"line":68,"column":1}},"36":{"start":{"line":61,"column":4},"end":{"line":67,"column":5}},"37":{"start":{"line":62,"column":8},"end":{"line":62,"column":28}},"38":{"start":{"line":63,"column":21},"end":{"line":63,"column":52}},"39":{"start":{"line":64,"column":8},"end":{"line":64,"column":49}},"40":{"start":{"line":66,"column":8},"end":{"line":66,"column":58}}},"fnMap":{"0":{"name":"(anonymous_0)","decl":{"start":{"line":4,"column":24},"end":{"line":4,"column":25}},"loc":{"start":{"line":4,"column":58},"end":{"line":11,"column":1}},"line":4},"1":{"name":"(anonymous_1)","decl":{"start":{"line":13,"column":23},"end":{"line":13,"column":24}},"loc":{"start":{"line":13,"column":52},"end":{"line":20,"column":1}},"line":13},"2":{"name":"(anonymous_2)","decl":{"start":{"line":22,"column":28},"end":{"line":22,"column":29}},"loc":{"start":{"line":22,"column":57},"end":{"line":38,"column":1}},"line":22},"3":{"name":"(anonymous_3)","decl":{"start":{"line":40,"column":26},"end":{"line":40,"column":27}},"loc":{"start":{"line":40,"column":60},"end":{"line":48,"column":1}},"line":40},"4":{"name":"(anonymous_4)","decl":{"start":{"line":50,"column":26},"end":{"line":50,"column":27}},"loc":{"start":{"line":50,"column":60},"end":{"line":58,"column":1}},"line":50},"5":{"name":"(anonymous_5)","decl":{"start":{"line":60,"column":23},"end":{"line":60,"column":24}},"loc":{"start":{"line":60,"column":57},"end":{"line":68,"column":1}},"line":60}},"branchMap":{},"s":{"0":1,"1":0,"2":0,"3":0,"4":0,"5":1,"6":0,"7":0,"8":0,"9":0,"10":1,"11":0,"12":0,"13":0,"14":0,"15":0,"16":0,"17":0,"18":0,"19":0,"20":0,"21":0,"22":0,"23":1,"24":0,"25":0,"26":0,"27":0,"28":0,"29":1,"30":0,"31":0,"32":0,"33":0,"34":0,"35":1,"36":0,"37":0,"38":0,"39":0,"40":0},"f":{"0":0,"1":0,"2":0,"3":0,"4":0,"5":0},"b":{},"_coverageSchema":"1a1c01bbd47fc00a2c39e90264f33305004495a9","hash":"01be86789123d0a15e897155a7085abe4d6267e2"}
,"/Users/mac/Desktop/software projects/react/ShareYourExperienceV1/backend/controllers/user.js": {"path":"/Users/mac/Desktop/software projects/react/ShareYourExperienceV1/backend/controllers/user.js","statementMap":{"0":{"start":{"line":3,"column":23},"end":{"line":11,"column":1}},"1":{"start":{"line":4,"column":4},"end":{"line":10,"column":5}},"2":{"start":{"line":5,"column":23},"end":{"line":5,"column":40}},"3":{"start":{"line":6,"column":21},"end":{"line":6,"column":48}},"4":{"start":{"line":7,"column":8},"end":{"line":7,"column":49}},"5":{"start":{"line":9,"column":8},"end":{"line":9,"column":58}}},"fnMap":{"0":{"name":"(anonymous_0)","decl":{"start":{"line":3,"column":23},"end":{"line":3,"column":24}},"loc":{"start":{"line":3,"column":57},"end":{"line":11,"column":1}},"line":3}},"branchMap":{},"s":{"0":1,"1":0,"2":0,"3":0,"4":0,"5":0},"f":{"0":0},"b":{},"_coverageSchema":"1a1c01bbd47fc00a2c39e90264f33305004495a9","hash":"d301d9a750fac8d9c3c66fa7ca69f8278eb1b715"}
,"/Users/mac/Desktop/software projects/react/ShareYourExperienceV1/backend/models/Comment.js": {"path":"/Users/mac/Desktop/software projects/react/ShareYourExperienceV1/backend/models/Comment.js","statementMap":{"0":{"start":{"line":3,"column":22},"end":{"line":18,"column":2}}},"fnMap":{},"branchMap":{},"s":{"0":1},"f":{},"b":{},"_coverageSchema":"1a1c01bbd47fc00a2c39e90264f33305004495a9","hash":"a7490137c1fd89d7e0c1a80e2730631326fdb15d"}
,"/Users/mac/Desktop/software projects/react/ShareYourExperienceV1/backend/models/Post.js": {"path":"/Users/mac/Desktop/software projects/react/ShareYourExperienceV1/backend/models/Post.js","statementMap":{"0":{"start":{"line":3,"column":19},"end":{"line":41,"column":2}}},"fnMap":{},"branchMap":{},"s":{"0":1},"f":{},"b":{},"_coverageSchema":"1a1c01bbd47fc00a2c39e90264f33305004495a9","hash":"8d394afcd27de3fdf501ab15c97382210a58845b"}
,"/Users/mac/Desktop/software projects/react/ShareYourExperienceV1/backend/models/User.js": {"path":"/Users/mac/Desktop/software projects/react/ShareYourExperienceV1/backend/models/User.js","statementMap":{"0":{"start":{"line":5,"column":19},"end":{"line":23,"column":2}},"1":{"start":{"line":25,"column":0},"end":{"line":47,"column":1}},"2":{"start":{"line":27,"column":23},"end":{"line":27,"column":50}},"3":{"start":{"line":29,"column":8},"end":{"line":31,"column":9}},"4":{"start":{"line":30,"column":12},"end":{"line":30,"column":49}},"5":{"start":{"line":33,"column":8},"end":{"line":35,"column":9}},"6":{"start":{"line":34,"column":12},"end":{"line":34,"column":43}},"7":{"start":{"line":37,"column":8},"end":{"line":39,"column":9}},"8":{"start":{"line":38,"column":12},"end":{"line":38,"column":52}},"9":{"start":{"line":41,"column":21},"end":{"line":41,"column":45}},"10":{"start":{"line":42,"column":21},"end":{"line":42,"column":54}},"11":{"start":{"line":44,"column":21},"end":{"line":44,"column":78}},"12":{"start":{"line":46,"column":8},"end":{"line":46,"column":20}},"13":{"start":{"line":49,"column":0},"end":{"line":66,"column":1}},"14":{"start":{"line":51,"column":4},"end":{"line":64,"column":5}},"15":{"start":{"line":52,"column":21},"end":{"line":52,"column":48}},"16":{"start":{"line":53,"column":8},"end":{"line":55,"column":9}},"17":{"start":{"line":54,"column":12},"end":{"line":54,"column":49}},"18":{"start":{"line":57,"column":22},"end":{"line":57,"column":67}},"19":{"start":{"line":58,"column":8},"end":{"line":60,"column":9}},"20":{"start":{"line":59,"column":12},"end":{"line":59,"column":46}},"21":{"start":{"line":61,"column":8},"end":{"line":61,"column":20}},"22":{"start":{"line":63,"column":8},"end":{"line":63,"column":35}}},"fnMap":{"0":{"name":"(anonymous_0)","decl":{"start":{"line":25,"column":28},"end":{"line":25,"column":29}},"loc":{"start":{"line":25,"column":73},"end":{"line":47,"column":1}},"line":25},"1":{"name":"(anonymous_1)","decl":{"start":{"line":49,"column":27},"end":{"line":49,"column":28}},"loc":{"start":{"line":49,"column":59},"end":{"line":66,"column":1}},"line":49}},"branchMap":{"0":{"loc":{"start":{"line":29,"column":8},"end":{"line":31,"column":9}},"type":"if","locations":[{"start":{"line":29,"column":8},"end":{"line":31,"column":9}},{"start":{},"end":{}}],"line":29},"1":{"loc":{"start":{"line":33,"column":8},"end":{"line":35,"column":9}},"type":"if","locations":[{"start":{"line":33,"column":8},"end":{"line":35,"column":9}},{"start":{},"end":{}}],"line":33},"2":{"loc":{"start":{"line":37,"column":8},"end":{"line":39,"column":9}},"type":"if","locations":[{"start":{"line":37,"column":8},"end":{"line":39,"column":9}},{"start":{},"end":{}}],"line":37},"3":{"loc":{"start":{"line":53,"column":8},"end":{"line":55,"column":9}},"type":"if","locations":[{"start":{"line":53,"column":8},"end":{"line":55,"column":9}},{"start":{},"end":{}}],"line":53},"4":{"loc":{"start":{"line":58,"column":8},"end":{"line":60,"column":9}},"type":"if","locations":[{"start":{"line":58,"column":8},"end":{"line":60,"column":9}},{"start":{},"end":{}}],"line":58}},"s":{"0":1,"1":1,"2":0,"3":0,"4":0,"5":0,"6":0,"7":0,"8":0,"9":0,"10":0,"11":0,"12":0,"13":1,"14":0,"15":0,"16":0,"17":0,"18":0,"19":0,"20":0,"21":0,"22":0},"f":{"0":0,"1":0},"b":{"0":[0,0],"1":[0,0],"2":[0,0],"3":[0,0],"4":[0,0]},"_coverageSchema":"1a1c01bbd47fc00a2c39e90264f33305004495a9","hash":"ae363c8681ce3bbeb0448be646b81e991b5ffc34"}
,"/Users/mac/Desktop/software projects/react/ShareYourExperienceV1/backend/routes/authentication.js": {"path":"/Users/mac/Desktop/software projects/react/ShareYourExperienceV1/backend/routes/authentication.js","statementMap":{"0":{"start":{"line":5,"column":19},"end":{"line":5,"column":35}},"1":{"start":{"line":7,"column":0},"end":{"line":7,"column":35}},"2":{"start":{"line":9,"column":0},"end":{"line":9,"column":33}},"3":{"start":{"line":13,"column":0},"end":{"line":16,"column":3}},"4":{"start":{"line":14,"column":4},"end":{"line":14,"column":30}},"5":{"start":{"line":15,"column":4},"end":{"line":15,"column":45}},"6":{"start":{"line":18,"column":0},"end":{"line":25,"column":3}},"7":{"start":{"line":19,"column":4},"end":{"line":24,"column":5}},"8":{"start":{"line":20,"column":22},"end":{"line":20,"column":39}},"9":{"start":{"line":21,"column":8},"end":{"line":21,"column":50}},"10":{"start":{"line":23,"column":8},"end":{"line":23,"column":58}}},"fnMap":{"0":{"name":"(anonymous_0)","decl":{"start":{"line":13,"column":36},"end":{"line":13,"column":37}},"loc":{"start":{"line":13,"column":65},"end":{"line":16,"column":1}},"line":13},"1":{"name":"(anonymous_1)","decl":{"start":{"line":18,"column":29},"end":{"line":18,"column":30}},"loc":{"start":{"line":18,"column":58},"end":{"line":25,"column":1}},"line":18}},"branchMap":{},"s":{"0":1,"1":1,"2":1,"3":1,"4":0,"5":0,"6":1,"7":0,"8":0,"9":0,"10":0},"f":{"0":0,"1":0},"b":{},"_coverageSchema":"1a1c01bbd47fc00a2c39e90264f33305004495a9","hash":"fc1660e7fc4198ea3104177c4927b8011d92878a"}
,"/Users/mac/Desktop/software projects/react/ShareYourExperienceV1/backend/routes/comment.js": {"path":"/Users/mac/Desktop/software projects/react/ShareYourExperienceV1/backend/routes/comment.js","statementMap":{"0":{"start":{"line":4,"column":22},"end":{"line":4,"column":38}},"1":{"start":{"line":6,"column":0},"end":{"line":6,"column":43}},"2":{"start":{"line":8,"column":0},"end":{"line":8,"column":47}},"3":{"start":{"line":10,"column":0},"end":{"line":10,"column":60}},"4":{"start":{"line":12,"column":0},"end":{"line":12,"column":48}},"5":{"start":{"line":14,"column":0},"end":{"line":14,"column":51}}},"fnMap":{},"branchMap":{},"s":{"0":1,"1":1,"2":1,"3":1,"4":1,"5":1},"f":{},"b":{},"_coverageSchema":"1a1c01bbd47fc00a2c39e90264f33305004495a9","hash":"f7f6dc89b78e72709e95630d0d2f6c302a9eddce"}
,"/Users/mac/Desktop/software projects/react/ShareYourExperienceV1/backend/routes/post.js": {"path":"/Users/mac/Desktop/software projects/react/ShareYourExperienceV1/backend/routes/post.js","statementMap":{"0":{"start":{"line":5,"column":19},"end":{"line":5,"column":35}},"1":{"start":{"line":7,"column":0},"end":{"line":7,"column":35}},"2":{"start":{"line":9,"column":0},"end":{"line":9,"column":37}},"3":{"start":{"line":11,"column":0},"end":{"line":11,"column":53}},"4":{"start":{"line":13,"column":0},"end":{"line":13,"column":35}},"5":{"start":{"line":15,"column":0},"end":{"line":15,"column":42}},"6":{"start":{"line":17,"column":0},"end":{"line":17,"column":45}},"7":{"start":{"line":19,"column":0},"end":{"line":22,"column":3}},"8":{"start":{"line":20,"column":4},"end":{"line":20,"column":30}},"9":{"start":{"line":21,"column":4},"end":{"line":21,"column":45}}},"fnMap":{"0":{"name":"(anonymous_0)","decl":{"start":{"line":19,"column":30},"end":{"line":19,"column":31}},"loc":{"start":{"line":19,"column":59},"end":{"line":22,"column":1}},"line":19}},"branchMap":{},"s":{"0":1,"1":1,"2":1,"3":1,"4":1,"5":1,"6":1,"7":1,"8":0,"9":0},"f":{"0":0},"b":{},"_coverageSchema":"1a1c01bbd47fc00a2c39e90264f33305004495a9","hash":"21a335d02cd47c24f00e44d5b2f6fa47b443d577"}
,"/Users/mac/Desktop/software projects/react/ShareYourExperienceV1/backend/routes/users.js": {"path":"/Users/mac/Desktop/software projects/react/ShareYourExperienceV1/backend/routes/users.js","statementMap":{"0":{"start":{"line":3,"column":19},"end":{"line":3,"column":35}},"1":{"start":{"line":7,"column":0},"end":{"line":7,"column":32}}},"fnMap":{},"branchMap":{},"s":{"0":1,"1":1},"f":{},"b":{},"_coverageSchema":"1a1c01bbd47fc00a2c39e90264f33305004495a9","hash":"8306749c209c2f2148f483dcafd5a98152dd4a48"}
}
